<?xml version="1.0" encoding="UTF-8"?>
<coverage generated="1765668420626" clover="3.2.0">
  <project timestamp="1765668420626" name="All files">
    <metrics statements="127" coveredstatements="126" conditionals="72" coveredconditionals="69" methods="11" coveredmethods="10" elements="210" coveredelements="205" complexity="0" loc="127" ncloc="127" packages="5" files="5" classes="5"/>
    <package name="src">
      <metrics statements="4" coveredstatements="4" conditionals="0" coveredconditionals="0" methods="0" coveredmethods="0"/>
      <file name="db.js" path="/Users/omarelsegeiny/VSCodeProjects/Doctor-Search-App-1Phi-1/backend/src/db.js">
        <metrics statements="4" coveredstatements="4" conditionals="0" coveredconditionals="0" methods="0" coveredmethods="0"/>
        <line num="1" count="1" type="stmt"/>
        <line num="2" count="1" type="stmt"/>
        <line num="4" count="1" type="stmt"/>
        <line num="15" count="1" type="stmt"/>
      </file>
    </package>
    <package name="src.controllers">
      <metrics statements="31" coveredstatements="30" conditionals="17" coveredconditionals="16" methods="2" coveredmethods="1"/>
      <file name="searchController.js" path="/Users/omarelsegeiny/VSCodeProjects/Doctor-Search-App-1Phi-1/backend/src/controllers/searchController.js">
        <metrics statements="31" coveredstatements="30" conditionals="17" coveredconditionals="16" methods="2" coveredmethods="1"/>
        <line num="5" count="2" type="stmt"/>
        <line num="9" count="2" type="stmt"/>
        <line num="11" count="2" type="stmt"/>
        <line num="12" count="14" type="cond" truecount="1" falsecount="0"/>
        <line num="14" count="14" type="cond" truecount="4" falsecount="0"/>
        <line num="15" count="3" type="stmt"/>
        <line num="19" count="11" type="cond" truecount="2" falsecount="0"/>
        <line num="20" count="11" type="cond" truecount="3" falsecount="1"/>
        <line num="21" count="0" type="stmt"/>
        <line num="24" count="11" type="stmt"/>
        <line num="26" count="11" type="stmt"/>
        <line num="27" count="11" type="stmt"/>
        <line num="30" count="11" type="stmt"/>
        <line num="31" count="11" type="stmt"/>
        <line num="33" count="11" type="cond" truecount="4" falsecount="0"/>
        <line num="35" count="3" type="stmt"/>
        <line num="44" count="3" type="stmt"/>
        <line num="45" count="3" type="stmt"/>
        <line num="46" count="3" type="stmt"/>
        <line num="48" count="2" type="stmt"/>
        <line num="50" count="1" type="stmt"/>
        <line num="53" count="3" type="stmt"/>
        <line num="67" count="8" type="stmt"/>
        <line num="74" count="8" type="stmt"/>
        <line num="77" count="7" type="stmt"/>
        <line num="80" count="7" type="cond" truecount="2" falsecount="0"/>
        <line num="81" count="1" type="stmt"/>
        <line num="93" count="6" type="stmt"/>
        <line num="102" count="1" type="stmt"/>
        <line num="103" count="1" type="stmt"/>
        <line num="107" count="2" type="stmt"/>
      </file>
    </package>
    <package name="src.routes">
      <metrics statements="5" coveredstatements="5" conditionals="0" coveredconditionals="0" methods="0" coveredmethods="0"/>
      <file name="search.js" path="/Users/omarelsegeiny/VSCodeProjects/Doctor-Search-App-1Phi-1/backend/src/routes/search.js">
        <metrics statements="5" coveredstatements="5" conditionals="0" coveredconditionals="0" methods="0" coveredmethods="0"/>
        <line num="1" count="2" type="stmt"/>
        <line num="2" count="2" type="stmt"/>
        <line num="3" count="2" type="stmt"/>
        <line num="5" count="2" type="stmt"/>
        <line num="7" count="2" type="stmt"/>
      </file>
    </package>
    <package name="src.services">
      <metrics statements="36" coveredstatements="36" conditionals="24" coveredconditionals="24" methods="4" coveredmethods="4"/>
      <file name="providerService.js" path="/Users/omarelsegeiny/VSCodeProjects/Doctor-Search-App-1Phi-1/backend/src/services/providerService.js">
        <metrics statements="36" coveredstatements="36" conditionals="24" coveredconditionals="24" methods="4" coveredmethods="4"/>
        <line num="1" count="3" type="stmt"/>
        <line num="8" count="3" type="stmt"/>
        <line num="10" count="10" type="cond" truecount="4" falsecount="0"/>
        <line num="11" count="2" type="stmt"/>
        <line num="15" count="8" type="stmt"/>
        <line num="16" count="27" type="cond" truecount="2" falsecount="0"/>
        <line num="19" count="8" type="cond" truecount="2" falsecount="0"/>
        <line num="20" count="1" type="stmt"/>
        <line num="24" count="21" type="stmt"/>
        <line num="25" count="7" type="stmt"/>
        <line num="41" count="7" type="stmt"/>
        <line num="42" count="7" type="stmt"/>
        <line num="43" count="5" type="stmt"/>
        <line num="55" count="3" type="stmt"/>
        <line num="57" count="21" type="cond" truecount="2" falsecount="0"/>
        <line num="58" count="21" type="stmt"/>
        <line num="60" count="21" type="stmt"/>
        <line num="72" count="21" type="stmt"/>
        <line num="73" count="21" type="stmt"/>
        <line num="76" count="21" type="cond" truecount="4" falsecount="0"/>
        <line num="77" count="16" type="stmt"/>
        <line num="78" count="16" type="stmt"/>
        <line num="82" count="21" type="cond" truecount="4" falsecount="0"/>
        <line num="83" count="6" type="stmt"/>
        <line num="85" count="6" type="stmt"/>
        <line num="89" count="21" type="cond" truecount="4" falsecount="0"/>
        <line num="90" count="3" type="stmt"/>
        <line num="91" count="3" type="stmt"/>
        <line num="95" count="21" type="cond" truecount="2" falsecount="0"/>
        <line num="96" count="19" type="stmt"/>
        <line num="101" count="21" type="stmt"/>
        <line num="102" count="21" type="stmt"/>
        <line num="105" count="21" type="stmt"/>
        <line num="107" count="21" type="stmt"/>
        <line num="108" count="19" type="stmt"/>
        <line num="111" count="3" type="stmt"/>
      </file>
    </package>
    <package name="src.utils">
      <metrics statements="51" coveredstatements="51" conditionals="31" coveredconditionals="29" methods="5" coveredmethods="5"/>
      <file name="queryParser.js" path="/Users/omarelsegeiny/VSCodeProjects/Doctor-Search-App-1Phi-1/backend/src/utils/queryParser.js">
        <metrics statements="51" coveredstatements="51" conditionals="31" coveredconditionals="29" methods="5" coveredmethods="5"/>
        <line num="7" count="3" type="stmt"/>
        <line num="62" count="3" type="stmt"/>
        <line num="87" count="3" type="stmt"/>
        <line num="100" count="3" type="stmt"/>
        <line num="159" count="25" type="stmt"/>
        <line num="160" count="25" type="stmt"/>
        <line num="172" count="25" type="stmt"/>
        <line num="173" count="478" type="cond" truecount="2" falsecount="0"/>
        <line num="174" count="16" type="stmt"/>
        <line num="175" count="16" type="stmt"/>
        <line num="180" count="25" type="stmt"/>
        <line num="181" count="525" type="cond" truecount="2" falsecount="0"/>
        <line num="182" count="5" type="stmt"/>
        <line num="188" count="25" type="stmt"/>
        <line num="189" count="1139" type="cond" truecount="2" falsecount="0"/>
        <line num="190" count="3" type="stmt"/>
        <line num="191" count="3" type="stmt"/>
        <line num="196" count="25" type="stmt"/>
        <line num="197" count="169" type="cond" truecount="2" falsecount="0"/>
        <line num="198" count="8" type="stmt"/>
        <line num="199" count="8" type="stmt"/>
        <line num="205" count="25" type="stmt"/>
        <line num="206" count="25" type="stmt"/>
        <line num="209" count="25" type="stmt"/>
        <line num="259" count="25" type="stmt"/>
        <line num="260" count="945" type="cond" truecount="2" falsecount="0"/>
        <line num="261" count="5" type="stmt"/>
        <line num="263" count="5" type="stmt"/>
        <line num="265" count="5" type="stmt"/>
        <line num="266" count="5" type="stmt"/>
        <line num="271" count="25" type="cond" truecount="2" falsecount="0"/>
        <line num="272" count="20" type="stmt"/>
        <line num="273" count="256" type="cond" truecount="2" falsecount="0"/>
        <line num="275" count="2" type="stmt"/>
        <line num="276" count="2" type="cond" truecount="3" falsecount="1"/>
        <line num="277" count="2" type="stmt"/>
        <line num="278" count="2" type="stmt"/>
        <line num="284" count="25" type="stmt"/>
        <line num="294" count="16" type="stmt"/>
        <line num="295" count="16" type="cond" truecount="2" falsecount="0"/>
        <line num="296" count="16" type="stmt"/>
        <line num="299" count="16" type="cond" truecount="3" falsecount="0"/>
        <line num="308" count="25" type="stmt"/>
        <line num="311" count="25" type="cond" truecount="2" falsecount="0"/>
        <line num="314" count="20" type="cond" truecount="2" falsecount="0"/>
        <line num="315" count="20" type="stmt"/>
        <line num="316" count="20" type="stmt"/>
        <line num="319" count="20" type="cond" truecount="2" falsecount="0"/>
        <line num="322" count="14" type="cond" truecount="1" falsecount="1"/>
        <line num="324" count="14" type="stmt"/>
        <line num="327" count="3" type="stmt"/>
      </file>
    </package>
  </project>
</coverage>
