{"/Users/omarelsegeiny/VSCodeProjects/Doctor-Search-App-1Phi-1/backend/src/db.js": {"path":"/Users/omarelsegeiny/VSCodeProjects/Doctor-Search-App-1Phi-1/backend/src/db.js","statementMap":{"0":{"start":{"line":1,"column":14},"end":{"line":1,"column":39}},"1":{"start":{"line":2,"column":0},"end":{"line":2,"column":27}},"2":{"start":{"line":4,"column":13},"end":{"line":13,"column":2}},"3":{"start":{"line":15,"column":0},"end":{"line":15,"column":22}}},"fnMap":{},"branchMap":{},"s":{"0":1,"1":1,"2":1,"3":1},"f":{},"b":{},"_coverageSchema":"1a1c01bbd47fc00a2c39e90264f33305004495a9","hash":"a655281f33b6b4d0f627523168596360a21a4b67"}
,"/Users/omarelsegeiny/VSCodeProjects/Doctor-Search-App-1Phi-1/backend/src/controllers/searchController.js": {"path":"/Users/omarelsegeiny/VSCodeProjects/Doctor-Search-App-1Phi-1/backend/src/controllers/searchController.js","statementMap":{"0":{"start":{"line":5,"column":4},"end":{"line":5,"column":35}},"1":{"start":{"line":9,"column":4},"end":{"line":9,"column":42}},"2":{"start":{"line":11,"column":22},"end":{"line":105,"column":1}},"3":{"start":{"line":12,"column":32},"end":{"line":12,"column":40}},"4":{"start":{"line":14,"column":2},"end":{"line":16,"column":3}},"5":{"start":{"line":15,"column":4},"end":{"line":15,"column":64}},"6":{"start":{"line":19,"column":25},"end":{"line":19,"column":78}},"7":{"start":{"line":20,"column":2},"end":{"line":22,"column":3}},"8":{"start":{"line":21,"column":4},"end":{"line":21,"column":78}},"9":{"start":{"line":24,"column":2},"end":{"line":104,"column":3}},"10":{"start":{"line":26,"column":19},"end":{"line":26,"column":43}},"11":{"start":{"line":27,"column":4},"end":{"line":27,"column":41}},"12":{"start":{"line":30,"column":24},"end":{"line":30,"column":55}},"13":{"start":{"line":31,"column":20},"end":{"line":31,"column":45}},"14":{"start":{"line":33,"column":4},"end":{"line":64,"column":5}},"15":{"start":{"line":35,"column":34},"end":{"line":41,"column":7}},"16":{"start":{"line":44,"column":28},"end":{"line":44,"column":30}},"17":{"start":{"line":45,"column":6},"end":{"line":51,"column":7}},"18":{"start":{"line":46,"column":29},"end":{"line":46,"column":76}},"19":{"start":{"line":48,"column":8},"end":{"line":48,"column":71}},"20":{"start":{"line":48,"column":50},"end":{"line":48,"column":69}},"21":{"start":{"line":50,"column":8},"end":{"line":50,"column":71}},"22":{"start":{"line":53,"column":6},"end":{"line":63,"column":9}},"23":{"start":{"line":67,"column":20},"end":{"line":71,"column":5}},"24":{"start":{"line":74,"column":17},"end":{"line":74,"column":63}},"25":{"start":{"line":77,"column":20},"end":{"line":77,"column":49}},"26":{"start":{"line":80,"column":4},"end":{"line":91,"column":5}},"27":{"start":{"line":81,"column":6},"end":{"line":90,"column":9}},"28":{"start":{"line":93,"column":4},"end":{"line":100,"column":7}},"29":{"start":{"line":102,"column":4},"end":{"line":102,"column":40}},"30":{"start":{"line":103,"column":4},"end":{"line":103,"column":49}},"31":{"start":{"line":107,"column":0},"end":{"line":109,"column":2}}},"fnMap":{"0":{"name":"(anonymous_0)","decl":{"start":{"line":11,"column":22},"end":{"line":11,"column":23}},"loc":{"start":{"line":11,"column":42},"end":{"line":105,"column":1}},"line":11},"1":{"name":"(anonymous_1)","decl":{"start":{"line":48,"column":44},"end":{"line":48,"column":45}},"loc":{"start":{"line":48,"column":50},"end":{"line":48,"column":69}},"line":48}},"branchMap":{"0":{"loc":{"start":{"line":12,"column":17},"end":{"line":12,"column":27}},"type":"default-arg","locations":[{"start":{"line":12,"column":25},"end":{"line":12,"column":27}}],"line":12},"1":{"loc":{"start":{"line":14,"column":2},"end":{"line":16,"column":3}},"type":"if","locations":[{"start":{"line":14,"column":2},"end":{"line":16,"column":3}},{"start":{},"end":{}}],"line":14},"2":{"loc":{"start":{"line":14,"column":6},"end":{"line":14,"column":29}},"type":"binary-expr","locations":[{"start":{"line":14,"column":6},"end":{"line":14,"column":12}},{"start":{"line":14,"column":16},"end":{"line":14,"column":29}}],"line":14},"3":{"loc":{"start":{"line":19,"column":51},"end":{"line":19,"column":76}},"type":"binary-expr","locations":[{"start":{"line":19,"column":51},"end":{"line":19,"column":70}},{"start":{"line":19,"column":74},"end":{"line":19,"column":76}}],"line":19},"4":{"loc":{"start":{"line":20,"column":2},"end":{"line":22,"column":3}},"type":"if","locations":[{"start":{"line":20,"column":2},"end":{"line":22,"column":3}},{"start":{},"end":{}}],"line":20},"5":{"loc":{"start":{"line":20,"column":6},"end":{"line":20,"column":49}},"type":"binary-expr","locations":[{"start":{"line":20,"column":6},"end":{"line":20,"column":27}},{"start":{"line":20,"column":31},"end":{"line":20,"column":49}}],"line":20},"6":{"loc":{"start":{"line":33,"column":4},"end":{"line":64,"column":5}},"type":"if","locations":[{"start":{"line":33,"column":4},"end":{"line":64,"column":5}},{"start":{},"end":{}}],"line":33},"7":{"loc":{"start":{"line":33,"column":8},"end":{"line":33,"column":31}},"type":"binary-expr","locations":[{"start":{"line":33,"column":8},"end":{"line":33,"column":19}},{"start":{"line":33,"column":23},"end":{"line":33,"column":31}}],"line":33},"8":{"loc":{"start":{"line":80,"column":4},"end":{"line":91,"column":5}},"type":"if","locations":[{"start":{"line":80,"column":4},"end":{"line":91,"column":5}},{"start":{},"end":{}}],"line":80}},"s":{"0":2,"1":2,"2":2,"3":14,"4":14,"5":3,"6":11,"7":11,"8":0,"9":11,"10":11,"11":11,"12":11,"13":11,"14":11,"15":3,"16":3,"17":3,"18":3,"19":2,"20":0,"21":1,"22":3,"23":8,"24":8,"25":7,"26":7,"27":1,"28":6,"29":1,"30":1,"31":2},"f":{"0":14,"1":0},"b":{"0":[10],"1":[3,11],"2":[14,12],"3":[11,1],"4":[0,11],"5":[11,11],"6":[3,8],"7":[11,10],"8":[1,6]},"_coverageSchema":"1a1c01bbd47fc00a2c39e90264f33305004495a9","hash":"fafde8ef7f0d70215e42b8b0ce14c6d585f88f77"}
,"/Users/omarelsegeiny/VSCodeProjects/Doctor-Search-App-1Phi-1/backend/src/routes/search.js": {"path":"/Users/omarelsegeiny/VSCodeProjects/Doctor-Search-App-1Phi-1/backend/src/routes/search.js","statementMap":{"0":{"start":{"line":1,"column":16},"end":{"line":1,"column":34}},"1":{"start":{"line":2,"column":15},"end":{"line":2,"column":31}},"2":{"start":{"line":3,"column":26},"end":{"line":3,"column":68}},"3":{"start":{"line":5,"column":0},"end":{"line":5,"column":32}},"4":{"start":{"line":7,"column":0},"end":{"line":7,"column":24}}},"fnMap":{},"branchMap":{},"s":{"0":2,"1":2,"2":2,"3":2,"4":2},"f":{},"b":{},"_coverageSchema":"1a1c01bbd47fc00a2c39e90264f33305004495a9","hash":"97c8f2b9e889990623454308fad7478cbb419af0"}
,"/Users/omarelsegeiny/VSCodeProjects/Doctor-Search-App-1Phi-1/backend/src/services/providerService.js": {"path":"/Users/omarelsegeiny/VSCodeProjects/Doctor-Search-App-1Phi-1/backend/src/services/providerService.js","statementMap":{"0":{"start":{"line":1,"column":13},"end":{"line":1,"column":29}},"1":{"start":{"line":8,"column":29},"end":{"line":44,"column":1}},"2":{"start":{"line":10,"column":2},"end":{"line":12,"column":3}},"3":{"start":{"line":11,"column":4},"end":{"line":11,"column":61}},"4":{"start":{"line":15,"column":27},"end":{"line":17,"column":3}},"5":{"start":{"line":16,"column":11},"end":{"line":16,"column":55}},"6":{"start":{"line":19,"column":2},"end":{"line":21,"column":3}},"7":{"start":{"line":20,"column":4},"end":{"line":20,"column":65}},"8":{"start":{"line":24,"column":23},"end":{"line":24,"column":65}},"9":{"start":{"line":24,"column":50},"end":{"line":24,"column":53}},"10":{"start":{"line":25,"column":22},"end":{"line":38,"column":3}},"11":{"start":{"line":41,"column":17},"end":{"line":41,"column":41}},"12":{"start":{"line":42,"column":17},"end":{"line":42,"column":54}},"13":{"start":{"line":43,"column":2},"end":{"line":43,"column":14}},"14":{"start":{"line":55,"column":24},"end":{"line":109,"column":1}},"15":{"start":{"line":57,"column":25},"end":{"line":57,"column":78}},"16":{"start":{"line":58,"column":21},"end":{"line":58,"column":54}},"17":{"start":{"line":60,"column":12},"end":{"line":70,"column":3}},"18":{"start":{"line":72,"column":21},"end":{"line":72,"column":23}},"19":{"start":{"line":73,"column":17},"end":{"line":73,"column":19}},"20":{"start":{"line":76,"column":2},"end":{"line":79,"column":3}},"21":{"start":{"line":77,"column":4},"end":{"line":77,"column":45}},"22":{"start":{"line":78,"column":4},"end":{"line":78,"column":35}},"23":{"start":{"line":82,"column":2},"end":{"line":86,"column":3}},"24":{"start":{"line":83,"column":4},"end":{"line":83,"column":55}},"25":{"start":{"line":85,"column":4},"end":{"line":85,"column":51}},"26":{"start":{"line":89,"column":2},"end":{"line":92,"column":3}},"27":{"start":{"line":90,"column":4},"end":{"line":90,"column":53}},"28":{"start":{"line":91,"column":4},"end":{"line":91,"column":31}},"29":{"start":{"line":95,"column":2},"end":{"line":97,"column":3}},"30":{"start":{"line":96,"column":4},"end":{"line":96,"column":48}},"31":{"start":{"line":101,"column":2},"end":{"line":101,"column":58}},"32":{"start":{"line":102,"column":2},"end":{"line":102,"column":20}},"33":{"start":{"line":105,"column":2},"end":{"line":105,"column":26}},"34":{"start":{"line":107,"column":17},"end":{"line":107,"column":46}},"35":{"start":{"line":108,"column":2},"end":{"line":108,"column":14}},"36":{"start":{"line":111,"column":0},"end":{"line":114,"column":2}}},"fnMap":{"0":{"name":"(anonymous_0)","decl":{"start":{"line":8,"column":29},"end":{"line":8,"column":30}},"loc":{"start":{"line":8,"column":52},"end":{"line":44,"column":1}},"line":8},"1":{"name":"(anonymous_1)","decl":{"start":{"line":16,"column":4},"end":{"line":16,"column":5}},"loc":{"start":{"line":16,"column":11},"end":{"line":16,"column":55}},"line":16},"2":{"name":"(anonymous_2)","decl":{"start":{"line":24,"column":44},"end":{"line":24,"column":45}},"loc":{"start":{"line":24,"column":50},"end":{"line":24,"column":53}},"line":24},"3":{"name":"(anonymous_3)","decl":{"start":{"line":55,"column":24},"end":{"line":55,"column":25}},"loc":{"start":{"line":55,"column":50},"end":{"line":109,"column":1}},"line":55}},"branchMap":{"0":{"loc":{"start":{"line":10,"column":2},"end":{"line":12,"column":3}},"type":"if","locations":[{"start":{"line":10,"column":2},"end":{"line":12,"column":3}},{"start":{},"end":{}}],"line":10},"1":{"loc":{"start":{"line":10,"column":6},"end":{"line":10,"column":61}},"type":"binary-expr","locations":[{"start":{"line":10,"column":6},"end":{"line":10,"column":33}},{"start":{"line":10,"column":37},"end":{"line":10,"column":61}}],"line":10},"2":{"loc":{"start":{"line":16,"column":11},"end":{"line":16,"column":55}},"type":"binary-expr","locations":[{"start":{"line":16,"column":11},"end":{"line":16,"column":32}},{"start":{"line":16,"column":36},"end":{"line":16,"column":55}}],"line":16},"3":{"loc":{"start":{"line":19,"column":2},"end":{"line":21,"column":3}},"type":"if","locations":[{"start":{"line":19,"column":2},"end":{"line":21,"column":3}},{"start":{},"end":{}}],"line":19},"4":{"loc":{"start":{"line":57,"column":51},"end":{"line":57,"column":76}},"type":"binary-expr","locations":[{"start":{"line":57,"column":51},"end":{"line":57,"column":70}},{"start":{"line":57,"column":74},"end":{"line":57,"column":76}}],"line":57},"5":{"loc":{"start":{"line":76,"column":2},"end":{"line":79,"column":3}},"type":"if","locations":[{"start":{"line":76,"column":2},"end":{"line":79,"column":3}},{"start":{},"end":{}}],"line":76},"6":{"loc":{"start":{"line":76,"column":6},"end":{"line":76,"column":64}},"type":"binary-expr","locations":[{"start":{"line":76,"column":6},"end":{"line":76,"column":23}},{"start":{"line":76,"column":27},"end":{"line":76,"column":64}}],"line":76},"7":{"loc":{"start":{"line":82,"column":2},"end":{"line":86,"column":3}},"type":"if","locations":[{"start":{"line":82,"column":2},"end":{"line":86,"column":3}},{"start":{},"end":{}}],"line":82},"8":{"loc":{"start":{"line":82,"column":6},"end":{"line":82,"column":54}},"type":"binary-expr","locations":[{"start":{"line":82,"column":6},"end":{"line":82,"column":18}},{"start":{"line":82,"column":22},"end":{"line":82,"column":54}}],"line":82},"9":{"loc":{"start":{"line":89,"column":2},"end":{"line":92,"column":3}},"type":"if","locations":[{"start":{"line":89,"column":2},"end":{"line":92,"column":3}},{"start":{},"end":{}}],"line":89},"10":{"loc":{"start":{"line":89,"column":6},"end":{"line":89,"column":56}},"type":"binary-expr","locations":[{"start":{"line":89,"column":6},"end":{"line":89,"column":19}},{"start":{"line":89,"column":23},"end":{"line":89,"column":56}}],"line":89},"11":{"loc":{"start":{"line":95,"column":2},"end":{"line":97,"column":3}},"type":"if","locations":[{"start":{"line":95,"column":2},"end":{"line":97,"column":3}},{"start":{},"end":{}}],"line":95}},"s":{"0":3,"1":3,"2":10,"3":2,"4":8,"5":27,"6":8,"7":1,"8":7,"9":21,"10":7,"11":7,"12":7,"13":5,"14":3,"15":21,"16":21,"17":21,"18":21,"19":21,"20":21,"21":16,"22":16,"23":21,"24":6,"25":6,"26":21,"27":3,"28":3,"29":21,"30":19,"31":21,"32":21,"33":21,"34":21,"35":19,"36":3},"f":{"0":10,"1":27,"2":21,"3":21},"b":{"0":[2,8],"1":[10,9],"2":[27,25],"3":[1,7],"4":[21,1],"5":[16,5],"6":[21,17],"7":[6,15],"8":[21,6],"9":[3,18],"10":[21,3],"11":[19,2]},"_coverageSchema":"1a1c01bbd47fc00a2c39e90264f33305004495a9","hash":"779b6403a1463613f420006a0f78c7a33e0c4579"}
,"/Users/omarelsegeiny/VSCodeProjects/Doctor-Search-App-1Phi-1/backend/src/utils/queryParser.js": {"path":"/Users/omarelsegeiny/VSCodeProjects/Doctor-Search-App-1Phi-1/backend/src/utils/queryParser.js","statementMap":{"0":{"start":{"line":7,"column":27},"end":{"line":59,"column":1}},"1":{"start":{"line":62,"column":27},"end":{"line":84,"column":1}},"2":{"start":{"line":87,"column":26},"end":{"line":97,"column":1}},"3":{"start":{"line":100,"column":18},"end":{"line":151,"column":1}},"4":{"start":{"line":159,"column":21},"end":{"line":159,"column":40}},"5":{"start":{"line":160,"column":17},"end":{"line":169,"column":3}},"6":{"start":{"line":172,"column":2},"end":{"line":177,"column":3}},"7":{"start":{"line":173,"column":4},"end":{"line":176,"column":5}},"8":{"start":{"line":174,"column":6},"end":{"line":174,"column":31}},"9":{"start":{"line":175,"column":6},"end":{"line":175,"column":12}},"10":{"start":{"line":180,"column":2},"end":{"line":184,"column":3}},"11":{"start":{"line":181,"column":4},"end":{"line":183,"column":5}},"12":{"start":{"line":182,"column":6},"end":{"line":182,"column":38}},"13":{"start":{"line":188,"column":2},"end":{"line":193,"column":3}},"14":{"start":{"line":189,"column":4},"end":{"line":192,"column":5}},"15":{"start":{"line":190,"column":6},"end":{"line":190,"column":40}},"16":{"start":{"line":191,"column":6},"end":{"line":191,"column":12}},"17":{"start":{"line":196,"column":2},"end":{"line":201,"column":3}},"18":{"start":{"line":197,"column":4},"end":{"line":200,"column":5}},"19":{"start":{"line":198,"column":6},"end":{"line":198,"column":40}},"20":{"start":{"line":199,"column":6},"end":{"line":199,"column":12}},"21":{"start":{"line":205,"column":16},"end":{"line":205,"column":34}},"22":{"start":{"line":206,"column":18},"end":{"line":206,"column":23}},"23":{"start":{"line":209,"column":22},"end":{"line":257,"column":3}},"24":{"start":{"line":259,"column":2},"end":{"line":268,"column":3}},"25":{"start":{"line":260,"column":4},"end":{"line":267,"column":5}},"26":{"start":{"line":261,"column":6},"end":{"line":264,"column":19}},"27":{"start":{"line":263,"column":20},"end":{"line":263,"column":58}},"28":{"start":{"line":265,"column":6},"end":{"line":265,"column":23}},"29":{"start":{"line":266,"column":6},"end":{"line":266,"column":12}},"30":{"start":{"line":271,"column":2},"end":{"line":282,"column":3}},"31":{"start":{"line":272,"column":4},"end":{"line":281,"column":5}},"32":{"start":{"line":272,"column":17},"end":{"line":272,"column":18}},"33":{"start":{"line":273,"column":6},"end":{"line":280,"column":7}},"34":{"start":{"line":273,"column":41},"end":{"line":273,"column":76}},"35":{"start":{"line":275,"column":25},"end":{"line":275,"column":37}},"36":{"start":{"line":276,"column":8},"end":{"line":279,"column":9}},"37":{"start":{"line":277,"column":10},"end":{"line":277,"column":65}},"38":{"start":{"line":278,"column":10},"end":{"line":278,"column":16}},"39":{"start":{"line":284,"column":2},"end":{"line":284,"column":16}},"40":{"start":{"line":294,"column":23},"end":{"line":294,"column":41}},"41":{"start":{"line":295,"column":22},"end":{"line":295,"column":71}},"42":{"start":{"line":296,"column":24},"end":{"line":296,"column":52}},"43":{"start":{"line":299,"column":2},"end":{"line":299,"column":54}},"44":{"start":{"line":308,"column":18},"end":{"line":308,"column":30}},"45":{"start":{"line":311,"column":2},"end":{"line":311,"column":38}},"46":{"start":{"line":311,"column":26},"end":{"line":311,"column":38}},"47":{"start":{"line":314,"column":22},"end":{"line":314,"column":63}},"48":{"start":{"line":315,"column":21},"end":{"line":315,"column":35}},"49":{"start":{"line":316,"column":22},"end":{"line":316,"column":46}},"50":{"start":{"line":319,"column":2},"end":{"line":319,"column":37}},"51":{"start":{"line":319,"column":25},"end":{"line":319,"column":37}},"52":{"start":{"line":322,"column":2},"end":{"line":322,"column":60}},"53":{"start":{"line":322,"column":48},"end":{"line":322,"column":60}},"54":{"start":{"line":324,"column":2},"end":{"line":324,"column":15}},"55":{"start":{"line":327,"column":0},"end":{"line":327,"column":70}}},"fnMap":{"0":{"name":"parseQuery","decl":{"start":{"line":158,"column":9},"end":{"line":158,"column":19}},"loc":{"start":{"line":158,"column":27},"end":{"line":285,"column":1}},"line":158},"1":{"name":"(anonymous_1)","decl":{"start":{"line":263,"column":13},"end":{"line":263,"column":14}},"loc":{"start":{"line":263,"column":20},"end":{"line":263,"column":58}},"line":263},"2":{"name":"(anonymous_2)","decl":{"start":{"line":273,"column":33},"end":{"line":273,"column":34}},"loc":{"start":{"line":273,"column":41},"end":{"line":273,"column":76}},"line":273},"3":{"name":"hasMeaningfulInfo","decl":{"start":{"line":292,"column":9},"end":{"line":292,"column":26}},"loc":{"start":{"line":292,"column":35},"end":{"line":300,"column":1}},"line":292},"4":{"name":"isLikelyGibberish","decl":{"start":{"line":307,"column":9},"end":{"line":307,"column":26}},"loc":{"start":{"line":307,"column":34},"end":{"line":325,"column":1}},"line":307}},"branchMap":{"0":{"loc":{"start":{"line":173,"column":4},"end":{"line":176,"column":5}},"type":"if","locations":[{"start":{"line":173,"column":4},"end":{"line":176,"column":5}},{"start":{},"end":{}}],"line":173},"1":{"loc":{"start":{"line":181,"column":4},"end":{"line":183,"column":5}},"type":"if","locations":[{"start":{"line":181,"column":4},"end":{"line":183,"column":5}},{"start":{},"end":{}}],"line":181},"2":{"loc":{"start":{"line":189,"column":4},"end":{"line":192,"column":5}},"type":"if","locations":[{"start":{"line":189,"column":4},"end":{"line":192,"column":5}},{"start":{},"end":{}}],"line":189},"3":{"loc":{"start":{"line":197,"column":4},"end":{"line":200,"column":5}},"type":"if","locations":[{"start":{"line":197,"column":4},"end":{"line":200,"column":5}},{"start":{},"end":{}}],"line":197},"4":{"loc":{"start":{"line":260,"column":4},"end":{"line":267,"column":5}},"type":"if","locations":[{"start":{"line":260,"column":4},"end":{"line":267,"column":5}},{"start":{},"end":{}}],"line":260},"5":{"loc":{"start":{"line":271,"column":2},"end":{"line":282,"column":3}},"type":"if","locations":[{"start":{"line":271,"column":2},"end":{"line":282,"column":3}},{"start":{},"end":{}}],"line":271},"6":{"loc":{"start":{"line":273,"column":6},"end":{"line":280,"column":7}},"type":"if","locations":[{"start":{"line":273,"column":6},"end":{"line":280,"column":7}},{"start":{},"end":{}}],"line":273},"7":{"loc":{"start":{"line":276,"column":8},"end":{"line":279,"column":9}},"type":"if","locations":[{"start":{"line":276,"column":8},"end":{"line":279,"column":9}},{"start":{},"end":{}}],"line":276},"8":{"loc":{"start":{"line":276,"column":12},"end":{"line":276,"column":65}},"type":"binary-expr","locations":[{"start":{"line":276,"column":12},"end":{"line":276,"column":20}},{"start":{"line":276,"column":24},"end":{"line":276,"column":65}}],"line":276},"9":{"loc":{"start":{"line":295,"column":25},"end":{"line":295,"column":70}},"type":"binary-expr","locations":[{"start":{"line":295,"column":25},"end":{"line":295,"column":45}},{"start":{"line":295,"column":49},"end":{"line":295,"column":70}}],"line":295},"10":{"loc":{"start":{"line":299,"column":9},"end":{"line":299,"column":53}},"type":"binary-expr","locations":[{"start":{"line":299,"column":9},"end":{"line":299,"column":21}},{"start":{"line":299,"column":25},"end":{"line":299,"column":36}},{"start":{"line":299,"column":40},"end":{"line":299,"column":53}}],"line":299},"11":{"loc":{"start":{"line":311,"column":2},"end":{"line":311,"column":38}},"type":"if","locations":[{"start":{"line":311,"column":2},"end":{"line":311,"column":38}},{"start":{},"end":{}}],"line":311},"12":{"loc":{"start":{"line":314,"column":23},"end":{"line":314,"column":55}},"type":"binary-expr","locations":[{"start":{"line":314,"column":23},"end":{"line":314,"column":49}},{"start":{"line":314,"column":53},"end":{"line":314,"column":55}}],"line":314},"13":{"loc":{"start":{"line":319,"column":2},"end":{"line":319,"column":37}},"type":"if","locations":[{"start":{"line":319,"column":2},"end":{"line":319,"column":37}},{"start":{},"end":{}}],"line":319},"14":{"loc":{"start":{"line":322,"column":2},"end":{"line":322,"column":60}},"type":"if","locations":[{"start":{"line":322,"column":2},"end":{"line":322,"column":60}},{"start":{},"end":{}}],"line":322}},"s":{"0":3,"1":3,"2":3,"3":3,"4":25,"5":25,"6":25,"7":478,"8":16,"9":16,"10":25,"11":525,"12":5,"13":25,"14":1139,"15":3,"16":3,"17":25,"18":169,"19":8,"20":8,"21":25,"22":25,"23":25,"24":25,"25":945,"26":5,"27":5,"28":5,"29":5,"30":25,"31":20,"32":20,"33":30,"34":256,"35":2,"36":2,"37":2,"38":2,"39":25,"40":16,"41":16,"42":16,"43":16,"44":25,"45":25,"46":5,"47":20,"48":20,"49":20,"50":20,"51":6,"52":14,"53":0,"54":14,"55":3},"f":{"0":25,"1":5,"2":256,"3":16,"4":25},"b":{"0":[16,462],"1":[5,520],"2":[3,1136],"3":[8,161],"4":[5,940],"5":[20,5],"6":[2,28],"7":[2,0],"8":[2,2],"9":[16,12],"10":[16,7,5],"11":[5,20],"12":[20,4],"13":[6,14],"14":[0,14]},"_coverageSchema":"1a1c01bbd47fc00a2c39e90264f33305004495a9","hash":"2b8f9a352e75e22a53467aa67b398bc84d96f1e0"}
}
