TN:
SF:src/db.js
FNF:0
FNH:0
DA:1,1
DA:2,1
DA:4,1
DA:15,1
LF:4
LH:4
BRF:0
BRH:0
end_of_record
TN:
SF:src/controllers/searchController.js
FN:11,(anonymous_0)
FN:48,(anonymous_1)
FNF:2
FNH:1
FNDA:14,(anonymous_0)
FNDA:0,(anonymous_1)
DA:5,2
DA:9,2
DA:11,2
DA:12,14
DA:14,14
DA:15,3
DA:19,11
DA:20,11
DA:21,0
DA:24,11
DA:26,11
DA:27,11
DA:30,11
DA:31,11
DA:33,11
DA:35,3
DA:44,3
DA:45,3
DA:46,3
DA:48,2
DA:50,1
DA:53,3
DA:67,8
DA:74,8
DA:77,7
DA:80,7
DA:81,1
DA:93,6
DA:102,1
DA:103,1
DA:107,2
LF:31
LH:30
BRDA:12,0,0,10
BRDA:14,1,0,3
BRDA:14,1,1,11
BRDA:14,2,0,14
BRDA:14,2,1,12
BRDA:19,3,0,11
BRDA:19,3,1,1
BRDA:20,4,0,0
BRDA:20,4,1,11
BRDA:20,5,0,11
BRDA:20,5,1,11
BRDA:33,6,0,3
BRDA:33,6,1,8
BRDA:33,7,0,11
BRDA:33,7,1,10
BRDA:80,8,0,1
BRDA:80,8,1,6
BRF:17
BRH:16
end_of_record
TN:
SF:src/routes/search.js
FNF:0
FNH:0
DA:1,2
DA:2,2
DA:3,2
DA:5,2
DA:7,2
LF:5
LH:5
BRF:0
BRH:0
end_of_record
TN:
SF:src/services/providerService.js
FN:8,(anonymous_0)
FN:16,(anonymous_1)
FN:24,(anonymous_2)
FN:55,(anonymous_3)
FNF:4
FNH:4
FNDA:10,(anonymous_0)
FNDA:27,(anonymous_1)
FNDA:21,(anonymous_2)
FNDA:21,(anonymous_3)
DA:1,3
DA:8,3
DA:10,10
DA:11,2
DA:15,8
DA:16,27
DA:19,8
DA:20,1
DA:24,21
DA:25,7
DA:41,7
DA:42,7
DA:43,5
DA:55,3
DA:57,21
DA:58,21
DA:60,21
DA:72,21
DA:73,21
DA:76,21
DA:77,16
DA:78,16
DA:82,21
DA:83,6
DA:85,6
DA:89,21
DA:90,3
DA:91,3
DA:95,21
DA:96,19
DA:101,21
DA:102,21
DA:105,21
DA:107,21
DA:108,19
DA:111,3
LF:36
LH:36
BRDA:10,0,0,2
BRDA:10,0,1,8
BRDA:10,1,0,10
BRDA:10,1,1,9
BRDA:16,2,0,27
BRDA:16,2,1,25
BRDA:19,3,0,1
BRDA:19,3,1,7
BRDA:57,4,0,21
BRDA:57,4,1,1
BRDA:76,5,0,16
BRDA:76,5,1,5
BRDA:76,6,0,21
BRDA:76,6,1,17
BRDA:82,7,0,6
BRDA:82,7,1,15
BRDA:82,8,0,21
BRDA:82,8,1,6
BRDA:89,9,0,3
BRDA:89,9,1,18
BRDA:89,10,0,21
BRDA:89,10,1,3
BRDA:95,11,0,19
BRDA:95,11,1,2
BRF:24
BRH:24
end_of_record
TN:
SF:src/utils/queryParser.js
FN:158,parseQuery
FN:263,(anonymous_1)
FN:273,(anonymous_2)
FN:292,hasMeaningfulInfo
FN:307,isLikelyGibberish
FNF:5
FNH:5
FNDA:25,parseQuery
FNDA:5,(anonymous_1)
FNDA:256,(anonymous_2)
FNDA:16,hasMeaningfulInfo
FNDA:25,isLikelyGibberish
DA:7,3
DA:62,3
DA:87,3
DA:100,3
DA:159,25
DA:160,25
DA:172,25
DA:173,478
DA:174,16
DA:175,16
DA:180,25
DA:181,525
DA:182,5
DA:188,25
DA:189,1139
DA:190,3
DA:191,3
DA:196,25
DA:197,169
DA:198,8
DA:199,8
DA:205,25
DA:206,25
DA:209,25
DA:259,25
DA:260,945
DA:261,5
DA:263,5
DA:265,5
DA:266,5
DA:271,25
DA:272,20
DA:273,256
DA:275,2
DA:276,2
DA:277,2
DA:278,2
DA:284,25
DA:294,16
DA:295,16
DA:296,16
DA:299,16
DA:308,25
DA:311,25
DA:314,20
DA:315,20
DA:316,20
DA:319,20
DA:322,14
DA:324,14
DA:327,3
LF:51
LH:51
BRDA:173,0,0,16
BRDA:173,0,1,462
BRDA:181,1,0,5
BRDA:181,1,1,520
BRDA:189,2,0,3
BRDA:189,2,1,1136
BRDA:197,3,0,8
BRDA:197,3,1,161
BRDA:260,4,0,5
BRDA:260,4,1,940
BRDA:271,5,0,20
BRDA:271,5,1,5
BRDA:273,6,0,2
BRDA:273,6,1,28
BRDA:276,7,0,2
BRDA:276,7,1,0
BRDA:276,8,0,2
BRDA:276,8,1,2
BRDA:295,9,0,16
BRDA:295,9,1,12
BRDA:299,10,0,16
BRDA:299,10,1,7
BRDA:299,10,2,5
BRDA:311,11,0,5
BRDA:311,11,1,20
BRDA:314,12,0,20
BRDA:314,12,1,4
BRDA:319,13,0,6
BRDA:319,13,1,14
BRDA:322,14,0,0
BRDA:322,14,1,14
BRF:31
BRH:29
end_of_record
